CRITICAL - 2022-12-02 05:54:41 --> Namespace declaration statement has to be the very first statement or after any declare call in the script
in APPPATH/Controllers/Admin/User.php on line 14.
 1 [internal function]: CodeIgniter\Debug\Exceptions->shutdownHandler()
CRITICAL - 2022-12-02 05:55:10 --> Namespace declaration statement has to be the very first statement or after any declare call in the script
in APPPATH/Controllers/Admin/User.php on line 14.
 1 [internal function]: CodeIgniter\Debug\Exceptions->shutdownHandler()
CRITICAL - 2022-12-02 05:55:59 --> Namespace declaration statement has to be the very first statement or after any declare call in the script
in APPPATH/Controllers/Admin/User.php on line 3.
 1 [internal function]: CodeIgniter\Debug\Exceptions->shutdownHandler()
CRITICAL - 2022-12-02 05:56:22 --> Namespace declaration statement has to be the very first statement or after any declare call in the script
in APPPATH/Controllers/Admin/User.php on line 3.
 1 [internal function]: CodeIgniter\Debug\Exceptions->shutdownHandler()
CRITICAL - 2022-12-02 20:45:25 --> Undefined array key "pesquisa"
in APPPATH/Controllers/Admin/Client.php on line 75.
 1 APPPATH/Controllers/Admin/Client.php(75): CodeIgniter\Debug\Exceptions->errorHandler(2, 'Undefined array key "pesquisa"', 'APPPATH/Controllers/Admin/Client.php', 75)
 2 SYSTEMPATH/CodeIgniter.php(927): App\Controllers\Admin\Client->buscarClientAction()
 3 SYSTEMPATH/CodeIgniter.php(482): CodeIgniter\CodeIgniter->runController(Object(App\Controllers\Admin\Client))
 4 SYSTEMPATH/CodeIgniter.php(351): CodeIgniter\CodeIgniter->handleRequest(null, Object(Config\Cache), false)
 5 FCPATH/index.php(67): CodeIgniter\CodeIgniter->run()
CRITICAL - 2022-12-02 20:46:44 --> Undefined array key "pesquisa"
in APPPATH/Controllers/Admin/Client.php on line 76.
 1 APPPATH/Controllers/Admin/Client.php(76): CodeIgniter\Debug\Exceptions->errorHandler(2, 'Undefined array key "pesquisa"', 'APPPATH/Controllers/Admin/Client.php', 76)
 2 SYSTEMPATH/CodeIgniter.php(927): App\Controllers\Admin\Client->buscarClientAction()
 3 SYSTEMPATH/CodeIgniter.php(482): CodeIgniter\CodeIgniter->runController(Object(App\Controllers\Admin\Client))
 4 SYSTEMPATH/CodeIgniter.php(351): CodeIgniter\CodeIgniter->handleRequest(null, Object(Config\Cache), false)
 5 FCPATH/index.php(67): CodeIgniter\CodeIgniter->run()
CRITICAL - 2022-12-02 20:47:17 --> Undefined array key "pesquisa"
in APPPATH/Controllers/Admin/Client.php on line 78.
 1 APPPATH/Controllers/Admin/Client.php(78): CodeIgniter\Debug\Exceptions->errorHandler(2, 'Undefined array key "pesquisa"', 'APPPATH/Controllers/Admin/Client.php', 78)
 2 SYSTEMPATH/CodeIgniter.php(927): App\Controllers\Admin\Client->buscarClientAction()
 3 SYSTEMPATH/CodeIgniter.php(482): CodeIgniter\CodeIgniter->runController(Object(App\Controllers\Admin\Client))
 4 SYSTEMPATH/CodeIgniter.php(351): CodeIgniter\CodeIgniter->handleRequest(null, Object(Config\Cache), false)
 5 FCPATH/index.php(67): CodeIgniter\CodeIgniter->run()
CRITICAL - 2022-12-02 20:47:52 --> Undefined array key "pesquisa"
in APPPATH/Controllers/Admin/Client.php on line 90.
 1 APPPATH/Controllers/Admin/Client.php(90): CodeIgniter\Debug\Exceptions->errorHandler(2, 'Undefined array key "pesquisa"', 'APPPATH/Controllers/Admin/Client.php', 90)
 2 SYSTEMPATH/CodeIgniter.php(927): App\Controllers\Admin\Client->buscarClientAction()
 3 SYSTEMPATH/CodeIgniter.php(482): CodeIgniter\CodeIgniter->runController(Object(App\Controllers\Admin\Client))
 4 SYSTEMPATH/CodeIgniter.php(351): CodeIgniter\CodeIgniter->handleRequest(null, Object(Config\Cache), false)
 5 FCPATH/index.php(67): CodeIgniter\CodeIgniter->run()
CRITICAL - 2022-12-02 20:51:25 --> Undefined array key "pesquisa"
in APPPATH/Controllers/Admin/Client.php on line 75.
 1 APPPATH/Controllers/Admin/Client.php(75): CodeIgniter\Debug\Exceptions->errorHandler(2, 'Undefined array key "pesquisa"', 'APPPATH/Controllers/Admin/Client.php', 75)
 2 SYSTEMPATH/CodeIgniter.php(927): App\Controllers\Admin\Client->buscarClientAction()
 3 SYSTEMPATH/CodeIgniter.php(482): CodeIgniter\CodeIgniter->runController(Object(App\Controllers\Admin\Client))
 4 SYSTEMPATH/CodeIgniter.php(351): CodeIgniter\CodeIgniter->handleRequest(null, Object(Config\Cache), false)
 5 FCPATH/index.php(67): CodeIgniter\CodeIgniter->run()
